<?xml version="1.0" encoding="UTF-8"?>
<testng-results skipped="0" failed="0" total="1" passed="1">
  <reporter-output>
  </reporter-output>
  <suite name="Default suite" duration-ms="11363" started-at="2013-05-21T16:51:12Z" finished-at="2013-05-21T16:51:23Z">
    <groups>
      <group name="suiteRegister">
        <method signature="ImdbRegisterPageTest.shortPasswordMessageTest()[pri:0, instance:com.globant.training.ImdbRegisterPageTest@622e3f2]" name="shortPasswordMessageTest" class="com.globant.training.ImdbRegisterPageTest"/>
      </group> <!-- suiteRegister -->
    </groups>
    <test name="Default test" duration-ms="11363" started-at="2013-05-21T16:51:12Z" finished-at="2013-05-21T16:51:23Z">
      <class name="com.globant.training.ImdbRegisterPageTest">
        <test-method status="PASS" signature="setUp()[pri:0, instance:com.globant.training.ImdbRegisterPageTest@622e3f2]" name="setUp" is-config="true" duration-ms="4854" started-at="2013-05-21T11:51:12Z" finished-at="2013-05-21T11:51:17Z">
          <reporter-output>
          </reporter-output>
        </test-method> <!-- setUp -->
        <test-method status="PASS" signature="shortPasswordMessageTest()[pri:0, instance:com.globant.training.ImdbRegisterPageTest@622e3f2]" name="shortPasswordMessageTest" duration-ms="6490" started-at="2013-05-21T11:51:17Z" finished-at="2013-05-21T11:51:23Z">
          <reporter-output>
          </reporter-output>
        </test-method> <!-- shortPasswordMessageTest -->
        <test-method status="PASS" signature="tearDown()[pri:0, instance:com.globant.training.ImdbRegisterPageTest@622e3f2]" name="tearDown" is-config="true" duration-ms="7" started-at="2013-05-21T11:51:23Z" finished-at="2013-05-21T11:51:23Z">
          <reporter-output>
          </reporter-output>
        </test-method> <!-- tearDown -->
      </class> <!-- com.globant.training.ImdbRegisterPageTest -->
    </test> <!-- Default test -->
  </suite> <!-- Default suite -->
</testng-results>
